<?xml version="1.0" encoding="UTF-8"?>
<!-- Generated by org.testng.reporters.JUnitXMLReporter -->
<testsuite ignored="0" hostname="LAPTOP-12PD747Q" failures="0" tests="15" name="Default test" time="43.192" errors="0" timestamp="2025-06-20T22:16:29 IST">
  <testcase classname="Tests.AddProductsToCart_Test" name="Clickonproduct" time="2.645"/>
  <testcase classname="Tests.AddProductsToCart_Test" name="clickonProduct1" time="0.459"/>
  <testcase classname="Tests.AddProductsToCart_Test" name="clickoncontinue" time="0.948"/>
  <testcase classname="Tests.AddProductsToCart_Test" name="clickonProduct2" time="0.349"/>
  <testcase classname="Tests.AddProductsToCart_Test" name="clickonviewcart" time="1.998"/>
  <testcase classname="Tests.AddProductsToCart_Test" name="Clickoncheckout" time="0.258"/>
  <testcase classname="Tests.AddProductsToCart_Test" name="Clickonlogin" time="1.128"/>
  <testcase classname="Tests.AddProductsToCart_Test" name="fillDetails" time="6.9"/>
  <testcase classname="Tests.AddProductsToCart_Test" name="clicKoncreateacc" time="1.682"/>
  <testcase classname="Tests.AddProductsToCart_Test" name="clickOncontinue" time="2.575"/>
  <testcase classname="Tests.AddProductsToCart_Test" name="Clickoncart" time="1.583"/>
  <testcase classname="Tests.AddProductsToCart_Test" name="Clickonfinalcheckout" time="2.053"/>
  <testcase classname="Tests.AddProductsToCart_Test" name="Clickonplaceorder" time="1.227"/>
  <testcase classname="Tests.AddProductsToCart_Test" name="ClickonFilldetails1" time="0.935"/>
  <testcase classname="Tests.AddProductsToCart_Test" name="Clickonpayandconfirm" time="2.519"/>
</testsuite> <!-- Default test -->
