<?xml version="1.0" encoding="UTF-8"?>
<testng-results ignored="0" total="15" passed="15" failed="0" skipped="0">
  <reporter-output>
  </reporter-output>
  <suite started-at="2025-06-20T22:15:46 IST" name="Default suite" finished-at="2025-06-20T22:16:29 IST" duration-ms="43192">
    <groups>
    </groups>
    <test started-at="2025-06-20T22:15:46 IST" name="Default test" finished-at="2025-06-20T22:16:29 IST" duration-ms="43192">
      <class name="Tests.AddProductsToCart_Test">
        <test-method is-config="true" signature="LauchUrl()[pri:0, instance:Tests.AddProductsToCart_Test@3e694b3f]" started-at="2025-06-20T22:15:46 IST" name="LauchUrl" finished-at="2025-06-20T22:16:02 IST" duration-ms="15822" status="PASS">
          <reporter-output>
          </reporter-output>
        </test-method> <!-- LauchUrl -->
        <test-method signature="Clickonproduct()[pri:1, instance:Tests.AddProductsToCart_Test@3e694b3f]" started-at="2025-06-20T22:16:02 IST" name="Clickonproduct" finished-at="2025-06-20T22:16:04 IST" duration-ms="2645" status="PASS">
          <reporter-output>
          </reporter-output>
        </test-method> <!-- Clickonproduct -->
        <test-method signature="clickonProduct1()[pri:2, instance:Tests.AddProductsToCart_Test@3e694b3f]" started-at="2025-06-20T22:16:04 IST" name="clickonProduct1" finished-at="2025-06-20T22:16:05 IST" duration-ms="459" status="PASS">
          <reporter-output>
          </reporter-output>
        </test-method> <!-- clickonProduct1 -->
        <test-method signature="clickoncontinue()[pri:3, instance:Tests.AddProductsToCart_Test@3e694b3f]" started-at="2025-06-20T22:16:05 IST" name="clickoncontinue" finished-at="2025-06-20T22:16:06 IST" duration-ms="948" status="PASS">
          <reporter-output>
          </reporter-output>
        </test-method> <!-- clickoncontinue -->
        <test-method signature="clickonProduct2()[pri:4, instance:Tests.AddProductsToCart_Test@3e694b3f]" started-at="2025-06-20T22:16:06 IST" name="clickonProduct2" finished-at="2025-06-20T22:16:06 IST" duration-ms="349" status="PASS">
          <reporter-output>
          </reporter-output>
        </test-method> <!-- clickonProduct2 -->
        <test-method signature="clickonviewcart()[pri:5, instance:Tests.AddProductsToCart_Test@3e694b3f]" started-at="2025-06-20T22:16:06 IST" name="clickonviewcart" finished-at="2025-06-20T22:16:08 IST" duration-ms="1998" status="PASS">
          <reporter-output>
          </reporter-output>
        </test-method> <!-- clickonviewcart -->
        <test-method signature="Clickoncheckout()[pri:6, instance:Tests.AddProductsToCart_Test@3e694b3f]" started-at="2025-06-20T22:16:08 IST" name="Clickoncheckout" finished-at="2025-06-20T22:16:08 IST" duration-ms="258" status="PASS">
          <reporter-output>
          </reporter-output>
        </test-method> <!-- Clickoncheckout -->
        <test-method signature="Clickonlogin()[pri:7, instance:Tests.AddProductsToCart_Test@3e694b3f]" started-at="2025-06-20T22:16:08 IST" name="Clickonlogin" finished-at="2025-06-20T22:16:09 IST" duration-ms="1128" status="PASS">
          <reporter-output>
          </reporter-output>
        </test-method> <!-- Clickonlogin -->
        <test-method signature="fillDetails()[pri:8, instance:Tests.AddProductsToCart_Test@3e694b3f]" started-at="2025-06-20T22:16:09 IST" name="fillDetails" finished-at="2025-06-20T22:16:16 IST" duration-ms="6900" status="PASS">
          <reporter-output>
          </reporter-output>
        </test-method> <!-- fillDetails -->
        <test-method signature="clicKoncreateacc()[pri:9, instance:Tests.AddProductsToCart_Test@3e694b3f]" started-at="2025-06-20T22:16:16 IST" name="clicKoncreateacc" finished-at="2025-06-20T22:16:18 IST" duration-ms="1682" status="PASS">
          <reporter-output>
          </reporter-output>
        </test-method> <!-- clicKoncreateacc -->
        <test-method signature="clickOncontinue()[pri:10, instance:Tests.AddProductsToCart_Test@3e694b3f]" started-at="2025-06-20T22:16:18 IST" name="clickOncontinue" finished-at="2025-06-20T22:16:21 IST" duration-ms="2575" status="PASS">
          <reporter-output>
          </reporter-output>
        </test-method> <!-- clickOncontinue -->
        <test-method signature="Clickoncart()[pri:11, instance:Tests.AddProductsToCart_Test@3e694b3f]" started-at="2025-06-20T22:16:21 IST" name="Clickoncart" finished-at="2025-06-20T22:16:22 IST" duration-ms="1583" status="PASS">
          <reporter-output>
          </reporter-output>
        </test-method> <!-- Clickoncart -->
        <test-method signature="Clickonfinalcheckout()[pri:12, instance:Tests.AddProductsToCart_Test@3e694b3f]" started-at="2025-06-20T22:16:22 IST" name="Clickonfinalcheckout" finished-at="2025-06-20T22:16:24 IST" duration-ms="2053" status="PASS">
          <reporter-output>
          </reporter-output>
        </test-method> <!-- Clickonfinalcheckout -->
        <test-method signature="Clickonplaceorder()[pri:13, instance:Tests.AddProductsToCart_Test@3e694b3f]" started-at="2025-06-20T22:16:24 IST" name="Clickonplaceorder" finished-at="2025-06-20T22:16:25 IST" duration-ms="1227" status="PASS">
          <reporter-output>
          </reporter-output>
        </test-method> <!-- Clickonplaceorder -->
        <test-method signature="ClickonFilldetails1()[pri:14, instance:Tests.AddProductsToCart_Test@3e694b3f]" started-at="2025-06-20T22:16:25 IST" name="ClickonFilldetails1" finished-at="2025-06-20T22:16:26 IST" duration-ms="935" status="PASS">
          <reporter-output>
          </reporter-output>
        </test-method> <!-- ClickonFilldetails1 -->
        <test-method signature="Clickonpayandconfirm()[pri:15, instance:Tests.AddProductsToCart_Test@3e694b3f]" started-at="2025-06-20T22:16:26 IST" name="Clickonpayandconfirm" finished-at="2025-06-20T22:16:29 IST" duration-ms="2519" status="PASS">
          <reporter-output>
          </reporter-output>
        </test-method> <!-- Clickonpayandconfirm -->
      </class> <!-- Tests.AddProductsToCart_Test -->
    </test> <!-- Default test -->
  </suite> <!-- Default suite -->
</testng-results>
